[0.011s] Invoking command in '/home/manas/ros2_ws/src/barista_robot/build/barista_robot': CMAKE_PREFIX_PATH=${CMAKE_PREFIX_PATH}:/opt/ros/galactic /usr/bin/cmake /home/manas/ros2_ws/src/barista_robot -DCMAKE_INSTALL_PREFIX=/home/manas/ros2_ws/src/barista_robot/install/barista_robot
[0.196s] -- The C compiler identification is GNU 9.4.0
[0.344s] -- The CXX compiler identification is GNU 9.4.0
[0.351s] -- Check for working C compiler: /usr/bin/cc
[0.405s] -- Check for working C compiler: /usr/bin/cc -- works
[0.407s] -- Detecting C compiler ABI info
[0.485s] -- Detecting C compiler ABI info - done
[0.497s] -- Detecting C compile features
[0.497s] -- Detecting C compile features - done
[0.500s] -- Check for working CXX compiler: /usr/bin/c++
[0.557s] -- Check for working CXX compiler: /usr/bin/c++ -- works
[0.558s] -- Detecting CXX compiler ABI info
[0.626s] -- Detecting CXX compiler ABI info - done
[0.633s] -- Detecting CXX compile features
[0.634s] -- Detecting CXX compile features - done
[0.642s] -- Found ament_cmake: 1.1.6 (/opt/ros/galactic/share/ament_cmake/cmake)
[0.665s] -- Found PythonInterp: /usr/bin/python3 (found suitable version "3.8.10", minimum required is "3") 
[0.666s] -- Using PYTHON_EXECUTABLE: /usr/bin/python3
[0.737s] -- Found robot_state_publisher: 2.5.3 (/opt/ros/galactic/share/robot_state_publisher/cmake)
[0.765s] -- Using all available rosidl_typesupport_c: rosidl_typesupport_fastrtps_c;rosidl_typesupport_introspection_c
[0.771s] -- Found rosidl_adapter: 2.2.3 (/opt/ros/galactic/share/rosidl_adapter/cmake)
[0.886s] -- Found OpenSSL: /usr/lib/x86_64-linux-gnu/libcrypto.so (found version "1.1.1f")  
[0.912s] -- Found FastRTPS: /opt/ros/galactic/include  
[0.975s] -- Using all available rosidl_typesupport_cpp: rosidl_typesupport_fastrtps_cpp;rosidl_typesupport_introspection_cpp
[1.000s] -- Found eigen3_cmake_module: 0.1.1 (/opt/ros/galactic/share/eigen3_cmake_module/cmake)
[1.003s] -- Found Eigen3: TRUE (found version "3.3.7") 
[1.056s] -- Found rmw_implementation_cmake: 3.3.1 (/opt/ros/galactic/share/rmw_implementation_cmake/cmake)
[1.059s] -- Found rmw_cyclonedds_cpp: 0.22.6 (/opt/ros/galactic/share/rmw_cyclonedds_cpp/cmake)
[1.075s] -- Using RMW implementation 'rmw_cyclonedds_cpp' as default
[1.076s] -- Looking for pthread.h
[1.150s] -- Looking for pthread.h - found
[1.150s] -- Performing Test CMAKE_HAVE_LIBC_PTHREAD
[1.206s] -- Performing Test CMAKE_HAVE_LIBC_PTHREAD - Failed
[1.206s] -- Looking for pthread_create in pthreads
[1.266s] -- Looking for pthread_create in pthreads - not found
[1.267s] -- Looking for pthread_create in pthread
[1.331s] -- Looking for pthread_create in pthread - found
[1.333s] -- Found Threads: TRUE  
[1.837s] -- Found xacro: 2.0.7 (/opt/ros/galactic/share/xacro/cmake)
[1.839s] -- Found ros2_control: 1.6.0 (/opt/ros/galactic/share/ros2_control/cmake)
[1.841s] -- Found ament_lint_auto: 0.10.7 (/opt/ros/galactic/share/ament_lint_auto/cmake)
[1.904s] -- Added test 'cppcheck' to perform static code analysis on C / C++ code
[1.904s] -- Configured cppcheck include dirs: 
[1.904s] -- Configured cppcheck exclude dirs and/or files: 
[1.909s] -- Added test 'cpplint' to check C / C++ code against the Google style
[1.909s] -- Configured cpplint exclude dirs and/or files: 
[1.910s] -- Added test 'flake8' to check Python code syntax and style conventions
[1.911s] -- Added test 'lint_cmake' to check CMake code style
[1.912s] -- Added test 'pep257' to check Python code against some of the style conventions in PEP 257
[1.917s] -- Added test 'uncrustify' to check C / C++ code style
[1.917s] -- Configured uncrustify additional arguments: 
[1.918s] -- Added test 'xmllint' to check XML markup files
[1.921s] -- Configuring done
[1.922s] -- Generating done
[1.924s] -- Build files have been written to: /home/manas/ros2_ws/src/barista_robot/build/barista_robot
[1.931s] Invoked command in '/home/manas/ros2_ws/src/barista_robot/build/barista_robot' returned '0': CMAKE_PREFIX_PATH=${CMAKE_PREFIX_PATH}:/opt/ros/galactic /usr/bin/cmake /home/manas/ros2_ws/src/barista_robot -DCMAKE_INSTALL_PREFIX=/home/manas/ros2_ws/src/barista_robot/install/barista_robot
[1.933s] Invoking command in '/home/manas/ros2_ws/src/barista_robot/build/barista_robot': CMAKE_PREFIX_PATH=${CMAKE_PREFIX_PATH}:/opt/ros/galactic /usr/bin/cmake --build /home/manas/ros2_ws/src/barista_robot/build/barista_robot -- -j8 -l8
[1.962s] Invoked command in '/home/manas/ros2_ws/src/barista_robot/build/barista_robot' returned '0': CMAKE_PREFIX_PATH=${CMAKE_PREFIX_PATH}:/opt/ros/galactic /usr/bin/cmake --build /home/manas/ros2_ws/src/barista_robot/build/barista_robot -- -j8 -l8
[1.991s] Invoking command in '/home/manas/ros2_ws/src/barista_robot/build/barista_robot': CMAKE_PREFIX_PATH=${CMAKE_PREFIX_PATH}:/opt/ros/galactic /usr/bin/cmake --install /home/manas/ros2_ws/src/barista_robot/build/barista_robot
[1.997s] -- Install configuration: ""
[1.997s] -- Installing: /home/manas/ros2_ws/src/barista_robot/install/barista_robot/share/barista_robot//urdf
[1.997s] -- Installing: /home/manas/ros2_ws/src/barista_robot/install/barista_robot/share/barista_robot//urdf/barista_robot.urdf.xacro
[1.997s] -- Installing: /home/manas/ros2_ws/src/barista_robot/install/barista_robot/share/barista_robot//urdf/barista_robot.csv
[1.998s] -- Installing: /home/manas/ros2_ws/src/barista_robot/install/barista_robot/share/barista_robot//meshes
[1.998s] -- Installing: /home/manas/ros2_ws/src/barista_robot/install/barista_robot/share/barista_robot//meshes/link_6.STL
[1.999s] -- Installing: /home/manas/ros2_ws/src/barista_robot/install/barista_robot/share/barista_robot//meshes/right_finger_2.STL
[1.999s] -- Installing: /home/manas/ros2_ws/src/barista_robot/install/barista_robot/share/barista_robot//meshes/right_finger_1.STL
[2.000s] -- Installing: /home/manas/ros2_ws/src/barista_robot/install/barista_robot/share/barista_robot//meshes/base_link.STL
[2.000s] -- Installing: /home/manas/ros2_ws/src/barista_robot/install/barista_robot/share/barista_robot//meshes/link_3.STL
[2.003s] -- Installing: /home/manas/ros2_ws/src/barista_robot/install/barista_robot/share/barista_robot//meshes/link_4.STL
[2.004s] -- Installing: /home/manas/ros2_ws/src/barista_robot/install/barista_robot/share/barista_robot//meshes/left_finger_2.STL
[2.005s] -- Installing: /home/manas/ros2_ws/src/barista_robot/install/barista_robot/share/barista_robot//meshes/robot_base.STL
[2.007s] -- Installing: /home/manas/ros2_ws/src/barista_robot/install/barista_robot/share/barista_robot//meshes/link_1.STL
[2.009s] -- Installing: /home/manas/ros2_ws/src/barista_robot/install/barista_robot/share/barista_robot//meshes/gripper_base_link.STL
[2.012s] -- Installing: /home/manas/ros2_ws/src/barista_robot/install/barista_robot/share/barista_robot//meshes/link_5.STL
[2.014s] -- Installing: /home/manas/ros2_ws/src/barista_robot/install/barista_robot/share/barista_robot//meshes/camera_link.STL
[2.015s] -- Installing: /home/manas/ros2_ws/src/barista_robot/install/barista_robot/share/barista_robot//meshes/link_2.STL
[2.018s] -- Installing: /home/manas/ros2_ws/src/barista_robot/install/barista_robot/share/barista_robot//meshes/left_finger_1.STL
[2.019s] -- Installing: /home/manas/ros2_ws/src/barista_robot/install/barista_robot/share/barista_robot//launch
[2.019s] -- Installing: /home/manas/ros2_ws/src/barista_robot/install/barista_robot/share/barista_robot//launch/spawn_robot_ros2.launch.py
[2.019s] -- Installing: /home/manas/ros2_ws/src/barista_robot/install/barista_robot/share/barista_robot//launch/display.launch.py
[2.019s] -- Installing: /home/manas/ros2_ws/src/barista_robot/install/barista_robot/share/barista_robot//launch/debug.launch.py
[2.019s] -- Installing: /home/manas/ros2_ws/src/barista_robot/install/barista_robot/share/barista_robot//launch/gazebo.launch.py
[2.019s] -- Installing: /home/manas/ros2_ws/src/barista_robot/install/barista_robot/share/barista_robot//launch/robot_description_publisher.py
[2.019s] -- Installing: /home/manas/ros2_ws/src/barista_robot/install/barista_robot/share/barista_robot//scripts
[2.019s] -- Installing: /home/manas/ros2_ws/src/barista_robot/install/barista_robot/share/barista_robot//scripts/edges_image.png
[2.019s] -- Installing: /home/manas/ros2_ws/src/barista_robot/install/barista_robot/share/barista_robot//scripts/joint_2_position.py
[2.019s] -- Installing: /home/manas/ros2_ws/src/barista_robot/install/barista_robot/share/barista_robot//scripts/joint_1_position.py
[2.020s] -- Installing: /home/manas/ros2_ws/src/barista_robot/install/barista_robot/share/barista_robot//scripts/output_image.png
[2.020s] -- Installing: /home/manas/ros2_ws/src/barista_robot/install/barista_robot/share/barista_robot//scripts/object_detection.py
[2.020s] -- Installing: /home/manas/ros2_ws/src/barista_robot/install/barista_robot/share/barista_robot//worlds
[2.020s] -- Installing: /home/manas/ros2_ws/src/barista_robot/install/barista_robot/share/barista_robot//worlds/Tables_test
[2.021s] -- Installing: /home/manas/ros2_ws/src/barista_robot/install/barista_robot/share/barista_robot//worlds/Tables_test/model.sdf
[2.021s] -- Installing: /home/manas/ros2_ws/src/barista_robot/install/barista_robot/share/barista_robot//worlds/Tables_test/model.config
[2.021s] -- Installing: /home/manas/ros2_ws/src/barista_robot/install/barista_robot/share/barista_robot//worlds/coffee_shop_world.world
[2.021s] -- Installing: /home/manas/ros2_ws/src/barista_robot/install/barista_robot/share/barista_robot//worlds/empty_world.world
[2.021s] -- Installing: /home/manas/ros2_ws/src/barista_robot/install/barista_robot/share/barista_robot//config
[2.021s] -- Installing: /home/manas/ros2_ws/src/barista_robot/install/barista_robot/share/barista_robot//config/control.yaml
[2.021s] -- Installing: /home/manas/ros2_ws/src/barista_robot/install/barista_robot/lib/barista_robot/robot_description_publisher.py
[2.021s] -- Installing: /home/manas/ros2_ws/src/barista_robot/install/barista_robot/lib/barista_robot/joint_1_position.py
[2.021s] -- Installing: /home/manas/ros2_ws/src/barista_robot/install/barista_robot/lib/barista_robot/joint_2_position.py
[2.021s] -- Installing: /home/manas/ros2_ws/src/barista_robot/install/barista_robot/share/ament_index/resource_index/package_run_dependencies/barista_robot
[2.021s] -- Installing: /home/manas/ros2_ws/src/barista_robot/install/barista_robot/share/ament_index/resource_index/parent_prefix_path/barista_robot
[2.023s] -- Installing: /home/manas/ros2_ws/src/barista_robot/install/barista_robot/share/barista_robot/environment/ament_prefix_path.sh
[2.023s] -- Installing: /home/manas/ros2_ws/src/barista_robot/install/barista_robot/share/barista_robot/environment/ament_prefix_path.dsv
[2.023s] -- Installing: /home/manas/ros2_ws/src/barista_robot/install/barista_robot/share/barista_robot/environment/path.sh
[2.023s] -- Installing: /home/manas/ros2_ws/src/barista_robot/install/barista_robot/share/barista_robot/environment/path.dsv
[2.023s] -- Installing: /home/manas/ros2_ws/src/barista_robot/install/barista_robot/share/barista_robot/local_setup.bash
[2.023s] -- Installing: /home/manas/ros2_ws/src/barista_robot/install/barista_robot/share/barista_robot/local_setup.sh
[2.023s] -- Installing: /home/manas/ros2_ws/src/barista_robot/install/barista_robot/share/barista_robot/local_setup.zsh
[2.023s] -- Installing: /home/manas/ros2_ws/src/barista_robot/install/barista_robot/share/barista_robot/local_setup.dsv
[2.023s] -- Installing: /home/manas/ros2_ws/src/barista_robot/install/barista_robot/share/barista_robot/package.dsv
[2.023s] -- Installing: /home/manas/ros2_ws/src/barista_robot/install/barista_robot/share/ament_index/resource_index/packages/barista_robot
[2.023s] -- Installing: /home/manas/ros2_ws/src/barista_robot/install/barista_robot/share/barista_robot/cmake/barista_robotConfig.cmake
[2.024s] -- Installing: /home/manas/ros2_ws/src/barista_robot/install/barista_robot/share/barista_robot/cmake/barista_robotConfig-version.cmake
[2.024s] -- Installing: /home/manas/ros2_ws/src/barista_robot/install/barista_robot/share/barista_robot/package.xml
[2.025s] Invoked command in '/home/manas/ros2_ws/src/barista_robot/build/barista_robot' returned '0': CMAKE_PREFIX_PATH=${CMAKE_PREFIX_PATH}:/opt/ros/galactic /usr/bin/cmake --install /home/manas/ros2_ws/src/barista_robot/build/barista_robot
