[0.291s] DEBUG:colcon:Command line arguments: ['/usr/bin/colcon', 'build']
[0.291s] DEBUG:colcon:Parsed command line arguments: Namespace(allow_overriding=[], ament_cmake_args=None, base_paths=['.'], build_base='build', catkin_cmake_args=None, catkin_skip_building_tests=False, cmake_args=None, cmake_clean_cache=False, cmake_clean_first=False, cmake_force_configure=False, cmake_target=None, cmake_target_skip_unavailable=False, continue_on_error=False, event_handlers=None, executor='parallel', ignore_user_meta=False, install_base='install', log_base=None, log_level=None, main=<bound method BuildVerb.main of <colcon_core.verb.build.BuildVerb object at 0x7fda944b92b0>>, merge_install=False, metas=['./colcon.meta'], mixin=None, mixin_files=None, mixin_verb=('build',), packages_above=None, packages_above_and_dependencies=None, packages_above_depth=None, packages_end=None, packages_ignore=None, packages_ignore_regex=None, packages_select=None, packages_select_build_failed=False, packages_select_by_dep=None, packages_select_regex=None, packages_select_test_failures=False, packages_skip=None, packages_skip_build_finished=False, packages_skip_by_dep=None, packages_skip_regex=None, packages_skip_test_passed=False, packages_skip_up_to=None, packages_start=None, packages_up_to=None, packages_up_to_regex=None, parallel_workers=8, paths=None, symlink_install=False, test_result_base=None, verb_extension=<colcon_core.verb.build.BuildVerb object at 0x7fda944b92b0>, verb_name='build', verb_parser=<colcon_mixin.mixin.mixin_argument.MixinArgumentDecorator object at 0x7fda944b9f40>)
[0.478s] Level 1:colcon.colcon_core.package_discovery:discover_packages(colcon_meta) check parameters
[0.478s] Level 1:colcon.colcon_core.package_discovery:discover_packages(recursive) check parameters
[0.478s] Level 1:colcon.colcon_core.package_discovery:discover_packages(ignore) check parameters
[0.478s] Level 1:colcon.colcon_core.package_discovery:discover_packages(path) check parameters
[0.478s] Level 1:colcon.colcon_core.package_discovery:discover_packages(colcon_meta) discover
[0.478s] Level 1:colcon.colcon_core.package_discovery:discover_packages(recursive) discover
[0.478s] INFO:colcon.colcon_core.package_discovery:Crawling recursively for packages in '/home/manas/ros2_ws/src/barista_robot'
[0.478s] Level 1:colcon.colcon_core.package_identification:_identify(.) by extensions ['ignore', 'ignore_ament_install']
[0.478s] Level 1:colcon.colcon_core.package_identification:_identify(.) by extension 'ignore'
[0.478s] Level 1:colcon.colcon_core.package_identification:_identify(.) by extension 'ignore_ament_install'
[0.478s] Level 1:colcon.colcon_core.package_identification:_identify(.) by extensions ['colcon_pkg']
[0.478s] Level 1:colcon.colcon_core.package_identification:_identify(.) by extension 'colcon_pkg'
[0.478s] Level 1:colcon.colcon_core.package_identification:_identify(.) by extensions ['colcon_meta']
[0.478s] Level 1:colcon.colcon_core.package_identification:_identify(.) by extension 'colcon_meta'
[0.478s] Level 1:colcon.colcon_core.package_identification:_identify(.) by extensions ['ros']
[0.478s] Level 1:colcon.colcon_core.package_identification:_identify(.) by extension 'ros'
[0.494s] DEBUG:colcon.colcon_core.package_identification:Package '.' with type 'ros.ament_cmake' and name 'barista_robot'
[0.494s] Level 1:colcon.colcon_core.package_discovery:discover_packages(recursive) using defaults
[0.494s] Level 1:colcon.colcon_core.package_discovery:discover_packages(ignore) discover
[0.494s] Level 1:colcon.colcon_core.package_discovery:discover_packages(ignore) using defaults
[0.494s] Level 1:colcon.colcon_core.package_discovery:discover_packages(path) discover
[0.494s] Level 1:colcon.colcon_core.package_discovery:discover_packages(path) using defaults
[0.515s] Level 1:colcon.colcon_core.package_discovery:discover_packages(prefix_path) check parameters
[0.515s] Level 1:colcon.colcon_core.package_discovery:discover_packages(prefix_path) discover
[0.518s] DEBUG:colcon.colcon_installed_package_information.package_discovery:Found 2 installed packages in /home/manas/ros2_ws/install
[0.519s] DEBUG:colcon.colcon_installed_package_information.package_discovery:Found 361 installed packages in /opt/ros/galactic
[0.520s] Level 1:colcon.colcon_core.package_discovery:discover_packages(prefix_path) using defaults
[0.628s] Level 5:colcon.colcon_core.verb:set package 'barista_robot' build argument 'cmake_args' from command line to 'None'
[0.628s] Level 5:colcon.colcon_core.verb:set package 'barista_robot' build argument 'cmake_target' from command line to 'None'
[0.628s] Level 5:colcon.colcon_core.verb:set package 'barista_robot' build argument 'cmake_target_skip_unavailable' from command line to 'False'
[0.628s] Level 5:colcon.colcon_core.verb:set package 'barista_robot' build argument 'cmake_clean_cache' from command line to 'False'
[0.628s] Level 5:colcon.colcon_core.verb:set package 'barista_robot' build argument 'cmake_clean_first' from command line to 'False'
[0.628s] Level 5:colcon.colcon_core.verb:set package 'barista_robot' build argument 'cmake_force_configure' from command line to 'False'
[0.628s] Level 5:colcon.colcon_core.verb:set package 'barista_robot' build argument 'ament_cmake_args' from command line to 'None'
[0.629s] Level 5:colcon.colcon_core.verb:set package 'barista_robot' build argument 'catkin_cmake_args' from command line to 'None'
[0.629s] Level 5:colcon.colcon_core.verb:set package 'barista_robot' build argument 'catkin_skip_building_tests' from command line to 'False'
[0.629s] DEBUG:colcon.colcon_core.verb:Building package 'barista_robot' with the following arguments: {'ament_cmake_args': None, 'build_base': '/home/manas/ros2_ws/src/barista_robot/build/barista_robot', 'catkin_cmake_args': None, 'catkin_skip_building_tests': False, 'cmake_args': None, 'cmake_clean_cache': False, 'cmake_clean_first': False, 'cmake_force_configure': False, 'cmake_target': None, 'cmake_target_skip_unavailable': False, 'install_base': '/home/manas/ros2_ws/src/barista_robot/install/barista_robot', 'merge_install': False, 'path': '/home/manas/ros2_ws/src/barista_robot', 'symlink_install': False, 'test_result_base': None}
[0.629s] INFO:colcon.colcon_core.executor:Executing jobs using 'parallel' executor
[0.629s] DEBUG:colcon.colcon_parallel_executor.executor.parallel:run_until_complete
[0.630s] INFO:colcon.colcon_ros.task.ament_cmake.build:Building ROS package in '/home/manas/ros2_ws/src/barista_robot' with build type 'ament_cmake'
[0.630s] INFO:colcon.colcon_cmake.task.cmake.build:Building CMake package in '/home/manas/ros2_ws/src/barista_robot'
[0.633s] INFO:colcon.colcon_core.plugin_system:Skipping extension 'colcon_core.shell.bat': Not used on non-Windows systems
[0.633s] INFO:colcon.colcon_core.shell:Skip shell extension 'powershell' for command environment: Not usable outside of PowerShell
[0.633s] DEBUG:colcon.colcon_core.shell:Skip shell extension 'dsv' for command environment
[0.641s] DEBUG:colcon.colcon_core.event_handler.log_command:Invoking command in '/home/manas/ros2_ws/src/barista_robot/build/barista_robot': CMAKE_PREFIX_PATH=${CMAKE_PREFIX_PATH}:/opt/ros/galactic /usr/bin/cmake /home/manas/ros2_ws/src/barista_robot -DCMAKE_INSTALL_PREFIX=/home/manas/ros2_ws/src/barista_robot/install/barista_robot
[2.561s] DEBUG:colcon.colcon_core.event_handler.log_command:Invoked command in '/home/manas/ros2_ws/src/barista_robot/build/barista_robot' returned '0': CMAKE_PREFIX_PATH=${CMAKE_PREFIX_PATH}:/opt/ros/galactic /usr/bin/cmake /home/manas/ros2_ws/src/barista_robot -DCMAKE_INSTALL_PREFIX=/home/manas/ros2_ws/src/barista_robot/install/barista_robot
[2.563s] DEBUG:colcon.colcon_core.event_handler.log_command:Invoking command in '/home/manas/ros2_ws/src/barista_robot/build/barista_robot': CMAKE_PREFIX_PATH=${CMAKE_PREFIX_PATH}:/opt/ros/galactic /usr/bin/cmake --build /home/manas/ros2_ws/src/barista_robot/build/barista_robot -- -j8 -l8
[2.592s] DEBUG:colcon.colcon_core.event_handler.log_command:Invoked command in '/home/manas/ros2_ws/src/barista_robot/build/barista_robot' returned '0': CMAKE_PREFIX_PATH=${CMAKE_PREFIX_PATH}:/opt/ros/galactic /usr/bin/cmake --build /home/manas/ros2_ws/src/barista_robot/build/barista_robot -- -j8 -l8
[2.621s] DEBUG:colcon.colcon_core.event_handler.log_command:Invoking command in '/home/manas/ros2_ws/src/barista_robot/build/barista_robot': CMAKE_PREFIX_PATH=${CMAKE_PREFIX_PATH}:/opt/ros/galactic /usr/bin/cmake --install /home/manas/ros2_ws/src/barista_robot/build/barista_robot
[2.655s] Level 1:colcon.colcon_core.environment:create_environment_scripts_only(barista_robot)
[2.655s] DEBUG:colcon.colcon_core.event_handler.log_command:Invoked command in '/home/manas/ros2_ws/src/barista_robot/build/barista_robot' returned '0': CMAKE_PREFIX_PATH=${CMAKE_PREFIX_PATH}:/opt/ros/galactic /usr/bin/cmake --install /home/manas/ros2_ws/src/barista_robot/build/barista_robot
[2.660s] Level 1:colcon.colcon_core.environment:checking '/home/manas/ros2_ws/src/barista_robot/install/barista_robot' for CMake module files
[2.660s] Level 1:colcon.colcon_core.environment:checking '/home/manas/ros2_ws/src/barista_robot/install/barista_robot' for CMake config files
[2.660s] Level 1:colcon.colcon_core.shell:create_environment_hook('barista_robot', 'cmake_prefix_path')
[2.660s] INFO:colcon.colcon_core.shell:Creating environment hook '/home/manas/ros2_ws/src/barista_robot/install/barista_robot/share/barista_robot/hook/cmake_prefix_path.ps1'
[2.661s] INFO:colcon.colcon_core.shell:Creating environment descriptor '/home/manas/ros2_ws/src/barista_robot/install/barista_robot/share/barista_robot/hook/cmake_prefix_path.dsv'
[2.662s] INFO:colcon.colcon_core.shell:Creating environment hook '/home/manas/ros2_ws/src/barista_robot/install/barista_robot/share/barista_robot/hook/cmake_prefix_path.sh'
[2.663s] Level 1:colcon.colcon_core.environment:checking '/home/manas/ros2_ws/src/barista_robot/install/barista_robot/lib'
[2.663s] Level 1:colcon.colcon_core.environment:checking '/home/manas/ros2_ws/src/barista_robot/install/barista_robot/bin'
[2.663s] Level 1:colcon.colcon_core.environment:checking '/home/manas/ros2_ws/src/barista_robot/install/barista_robot/lib/pkgconfig/barista_robot.pc'
[2.663s] Level 1:colcon.colcon_core.environment:checking '/home/manas/ros2_ws/src/barista_robot/install/barista_robot/lib/python3.8/site-packages'
[2.663s] Level 1:colcon.colcon_core.environment:checking '/home/manas/ros2_ws/src/barista_robot/install/barista_robot/bin'
[2.663s] INFO:colcon.colcon_core.shell:Creating package script '/home/manas/ros2_ws/src/barista_robot/install/barista_robot/share/barista_robot/package.ps1'
[2.664s] INFO:colcon.colcon_core.shell:Creating package descriptor '/home/manas/ros2_ws/src/barista_robot/install/barista_robot/share/barista_robot/package.dsv'
[2.664s] INFO:colcon.colcon_core.shell:Creating package script '/home/manas/ros2_ws/src/barista_robot/install/barista_robot/share/barista_robot/package.sh'
[2.665s] INFO:colcon.colcon_core.shell:Creating package script '/home/manas/ros2_ws/src/barista_robot/install/barista_robot/share/barista_robot/package.bash'
[2.665s] INFO:colcon.colcon_core.shell:Creating package script '/home/manas/ros2_ws/src/barista_robot/install/barista_robot/share/barista_robot/package.zsh'
[2.666s] Level 1:colcon.colcon_core.environment:create_file_with_runtime_dependencies(/home/manas/ros2_ws/src/barista_robot/install/barista_robot/share/colcon-core/packages/barista_robot)
[2.689s] Level 1:colcon.colcon_core.environment:create_environment_scripts_only(barista_robot)
[2.689s] Level 1:colcon.colcon_core.environment:checking '/home/manas/ros2_ws/src/barista_robot/install/barista_robot' for CMake module files
[2.690s] Level 1:colcon.colcon_core.environment:checking '/home/manas/ros2_ws/src/barista_robot/install/barista_robot' for CMake config files
[2.690s] Level 1:colcon.colcon_core.shell:create_environment_hook('barista_robot', 'cmake_prefix_path')
[2.690s] INFO:colcon.colcon_core.shell:Creating environment hook '/home/manas/ros2_ws/src/barista_robot/install/barista_robot/share/barista_robot/hook/cmake_prefix_path.ps1'
[2.691s] INFO:colcon.colcon_core.shell:Creating environment descriptor '/home/manas/ros2_ws/src/barista_robot/install/barista_robot/share/barista_robot/hook/cmake_prefix_path.dsv'
[2.691s] INFO:colcon.colcon_core.shell:Creating environment hook '/home/manas/ros2_ws/src/barista_robot/install/barista_robot/share/barista_robot/hook/cmake_prefix_path.sh'
[2.692s] Level 1:colcon.colcon_core.environment:checking '/home/manas/ros2_ws/src/barista_robot/install/barista_robot/lib'
[2.692s] Level 1:colcon.colcon_core.environment:checking '/home/manas/ros2_ws/src/barista_robot/install/barista_robot/bin'
[2.692s] Level 1:colcon.colcon_core.environment:checking '/home/manas/ros2_ws/src/barista_robot/install/barista_robot/lib/pkgconfig/barista_robot.pc'
[2.693s] Level 1:colcon.colcon_core.environment:checking '/home/manas/ros2_ws/src/barista_robot/install/barista_robot/lib/python3.8/site-packages'
[2.693s] Level 1:colcon.colcon_core.environment:checking '/home/manas/ros2_ws/src/barista_robot/install/barista_robot/bin'
[2.693s] INFO:colcon.colcon_core.shell:Creating package script '/home/manas/ros2_ws/src/barista_robot/install/barista_robot/share/barista_robot/package.ps1'
[2.694s] INFO:colcon.colcon_core.shell:Creating package descriptor '/home/manas/ros2_ws/src/barista_robot/install/barista_robot/share/barista_robot/package.dsv'
[2.694s] INFO:colcon.colcon_core.shell:Creating package script '/home/manas/ros2_ws/src/barista_robot/install/barista_robot/share/barista_robot/package.sh'
[2.695s] INFO:colcon.colcon_core.shell:Creating package script '/home/manas/ros2_ws/src/barista_robot/install/barista_robot/share/barista_robot/package.bash'
[2.695s] INFO:colcon.colcon_core.shell:Creating package script '/home/manas/ros2_ws/src/barista_robot/install/barista_robot/share/barista_robot/package.zsh'
[2.696s] Level 1:colcon.colcon_core.environment:create_file_with_runtime_dependencies(/home/manas/ros2_ws/src/barista_robot/install/barista_robot/share/colcon-core/packages/barista_robot)
[2.696s] DEBUG:colcon.colcon_parallel_executor.executor.parallel:closing loop
[2.697s] DEBUG:colcon.colcon_parallel_executor.executor.parallel:loop closed
[2.697s] DEBUG:colcon.colcon_parallel_executor.executor.parallel:run_until_complete finished with '0'
[2.697s] DEBUG:colcon.colcon_core.event_reactor:joining thread
[2.707s] INFO:colcon.colcon_core.plugin_system:Skipping extension 'colcon_notification.desktop_notification.terminal_notifier': Not used on non-Darwin systems
[2.708s] INFO:colcon.colcon_core.plugin_system:Skipping extension 'colcon_notification.desktop_notification.win32': Not used on non-Windows systems
[2.708s] INFO:colcon.colcon_notification.desktop_notification:Sending desktop notification using 'notify2'
[2.737s] DEBUG:colcon.colcon_core.event_reactor:joined thread
[2.737s] INFO:colcon.colcon_core.shell:Creating prefix script '/home/manas/ros2_ws/src/barista_robot/install/local_setup.ps1'
[2.738s] INFO:colcon.colcon_core.shell:Creating prefix util module '/home/manas/ros2_ws/src/barista_robot/install/_local_setup_util_ps1.py'
[2.740s] INFO:colcon.colcon_core.shell:Creating prefix chain script '/home/manas/ros2_ws/src/barista_robot/install/setup.ps1'
[2.741s] INFO:colcon.colcon_core.shell:Creating prefix script '/home/manas/ros2_ws/src/barista_robot/install/local_setup.sh'
[2.741s] INFO:colcon.colcon_core.shell:Creating prefix util module '/home/manas/ros2_ws/src/barista_robot/install/_local_setup_util_sh.py'
[2.742s] INFO:colcon.colcon_core.shell:Creating prefix chain script '/home/manas/ros2_ws/src/barista_robot/install/setup.sh'
[2.743s] INFO:colcon.colcon_core.shell:Creating prefix script '/home/manas/ros2_ws/src/barista_robot/install/local_setup.bash'
[2.743s] INFO:colcon.colcon_core.shell:Creating prefix chain script '/home/manas/ros2_ws/src/barista_robot/install/setup.bash'
[2.744s] INFO:colcon.colcon_core.shell:Creating prefix script '/home/manas/ros2_ws/src/barista_robot/install/local_setup.zsh'
[2.744s] INFO:colcon.colcon_core.shell:Creating prefix chain script '/home/manas/ros2_ws/src/barista_robot/install/setup.zsh'
